<!DOCTYPE html PUBLIC "-//W3C//DTD XHTML 1.1//EN" "https://www.w3.org/TR/xhtml11/DTD/xhtml11.dtd">
<html xmlns="https://www.w3.org/1999/xhtml">
<head>
<meta http-equiv="content-type" content="text/html; charset=UTF-8"/>
<title>TestNG Report</title>
<style type="text/css">table {margin-bottom:10px;border-collapse:collapse;empty-cells:show}th,td {border:1px solid #009;padding:.25em .5em}th {vertical-align:bottom}td {vertical-align:top}table a {font-weight:bold}.stripe td {background-color: #E6EBF9}.num {text-align:right}.passedodd td {background-color: #3F3}.passedeven td {background-color: #0A0}.skippedodd td {background-color: #DDD}.skippedeven td {background-color: #CCC}.failedodd td,.attn {background-color: #F33}.failedeven td,.stripe .attn {background-color: #D00}.stacktrace {white-space:pre;font-family:monospace}.totop {font-size:85%;text-align:center;border-bottom:2px solid #000}.invisible {display:none}</style>
</head>
<body>
<table>
<tr><th>Test</th><th># Passed</th><th># Skipped</th><th># Retried</th><th># Failed</th><th>Time (ms)</th><th>Included Groups</th><th>Excluded Groups</th></tr>
<tr><th colspan="8">Selenium Test Suite</th></tr>
<tr><td><a href="#t0">URL Loading Tests</a></td><td class="num">0</td><td class="num">0</td><td class="num">0</td><td class="num attn">5</td><td class="num">91,804</td><td></td><td></td></tr>
</table>
<table id='summary'><thead><tr><th>Class</th><th>Method</th><th>Start</th><th>Time (ms)</th></tr></thead><tbody><tr><th colspan="4">Selenium Test Suite</th></tr></tbody><tbody id="t0"><tr><th colspan="4">URL Loading Tests &#8212; failed</th></tr><tr class="failedeven"><td rowspan="5">com.aisera.qa.automation.TenantUrlTest</td><td><a href="#m0">testUrlLoading</a></td><td rowspan="5">1725894789729</td><td rowspan="5">8939</td></tr><tr class="failedeven"><td><a href="#m1">testUrlLoading</a></td></tr><tr class="failedeven"><td><a href="#m2">testUrlLoading</a></td></tr><tr class="failedeven"><td><a href="#m3">testUrlLoading</a></td></tr><tr class="failedeven"><td><a href="#m4">testUrlLoading</a></td></tr></tbody>
</table>
<h2>URL Loading Tests</h2><h3 id="m0">com.aisera.qa.automation.TenantUrlTest#testUrlLoading</h3><table class="result"><tr class="param"><th>Parameter #1</th><th>Parameter #2</th></tr><tr class="param stripe"><td>OnTrac</td><td>https://www.ontrac.com/faq/</td></tr><tr><th colspan="2">Exception</th></tr><tr><td colspan="2"><div class="stacktrace">java.lang.AssertionError: The chatbot failed loaded on the :https://www.ontrac.com/faq/ expected [true] but found [false]
	at com.aisera.qa.automation.TenantUrlTest.testUrlLoading(TenantUrlTest.java:83)
	at java.base/java.util.ArrayList.forEach(ArrayList.java:1541)
... Removed 34 stack frames</div></td></tr></table><p class="totop"><a href="#summary">back to summary</a></p>
<h3 id="m1">com.aisera.qa.automation.TenantUrlTest#testUrlLoading</h3><table class="result"><tr class="param"><th>Parameter #1</th><th>Parameter #2</th></tr><tr class="param stripe"><td>Kodak</td><td>https://kmotd.kodakmoments.com/app-helper/web-app/mac-os/usa/page</td></tr><tr><th colspan="2">Exception</th></tr><tr><td colspan="2"><div class="stacktrace">java.lang.AssertionError: The chatbot failed loaded on the :https://kmotd.kodakmoments.com/app-helper/web-app/mac-os/usa/page expected [true] but found [false]
	at com.aisera.qa.automation.TenantUrlTest.testUrlLoading(TenantUrlTest.java:83)
	at java.base/java.util.ArrayList.forEach(ArrayList.java:1541)
... Removed 34 stack frames</div></td></tr></table><p class="totop"><a href="#summary">back to summary</a></p>
<h3 id="m2">com.aisera.qa.automation.TenantUrlTest#testUrlLoading</h3><table class="result"><tr class="param"><th>Parameter #1</th><th>Parameter #2</th></tr><tr class="param stripe"><td>Lifescan CS</td><td>https://support.onetouch.com/s/?language=en_US</td></tr><tr><th colspan="2">Exception</th></tr><tr><td colspan="2"><div class="stacktrace">java.lang.AssertionError: The chatbot failed loaded on the :https://support.onetouch.com/s/?language=en_US expected [true] but found [false]
	at com.aisera.qa.automation.TenantUrlTest.testUrlLoading(TenantUrlTest.java:83)
	at java.base/java.util.ArrayList.forEach(ArrayList.java:1541)
... Removed 34 stack frames</div></td></tr></table><p class="totop"><a href="#summary">back to summary</a></p>
<h3 id="m3">com.aisera.qa.automation.TenantUrlTest#testUrlLoading</h3><table class="result"><tr class="param"><th>Parameter #1</th><th>Parameter #2</th></tr><tr class="param stripe"><td>Gilead (Medical)</td><td>https://www.askgileadmedical.com/</td></tr><tr><th colspan="2">Exception</th></tr><tr><td colspan="2"><div class="stacktrace">java.lang.AssertionError: The chatbot failed loaded on the :https://www.askgileadmedical.com/ expected [true] but found [false]
	at com.aisera.qa.automation.TenantUrlTest.testUrlLoading(TenantUrlTest.java:83)
	at java.base/java.util.ArrayList.forEach(ArrayList.java:1541)
... Removed 34 stack frames</div></td></tr></table><p class="totop"><a href="#summary">back to summary</a></p>
<h3 id="m4">com.aisera.qa.automation.TenantUrlTest#testUrlLoading</h3><table class="result"><tr class="param"><th>Parameter #1</th><th>Parameter #2</th></tr><tr class="param stripe"><td>Base Camp Trading</td><td>https://support.basecamptrading.com/hc/en-us</td></tr><tr><th colspan="2">Exception</th></tr><tr><td colspan="2"><div class="stacktrace">java.lang.AssertionError: The chatbot failed loaded on the :https://support.basecamptrading.com/hc/en-us expected [true] but found [false]
	at com.aisera.qa.automation.TenantUrlTest.testUrlLoading(TenantUrlTest.java:83)
	at java.base/java.util.ArrayList.forEach(ArrayList.java:1541)
... Removed 34 stack frames</div></td></tr></table><p class="totop"><a href="#summary">back to summary</a></p>
</body>
</html>
